{"C:\\Users\\DaianaDobre\\OneDrive - La Fosse Associates\\Documents\\GitHub\\LAP1_CodeChallenge\\server\\server.js": {"path":"C:\\Users\\DaianaDobre\\OneDrive - La Fosse Associates\\Documents\\GitHub\\LAP1_CodeChallenge\\server\\server.js","statementMap":{"0":{"start":{"line":1,"column":16},"end":{"line":1,"column":34}},"1":{"start":{"line":3,"column":12},"end":{"line":3,"column":21}},"2":{"start":{"line":5,"column":21},"end":{"line":5,"column":51}},"3":{"start":{"line":7,"column":13},"end":{"line":7,"column":28}},"4":{"start":{"line":9,"column":17},"end":{"line":9,"column":19}},"5":{"start":{"line":11,"column":0},"end":{"line":11,"column":16}},"6":{"start":{"line":12,"column":0},"end":{"line":12,"column":24}},"7":{"start":{"line":14,"column":13},"end":{"line":14,"column":35}},"8":{"start":{"line":16,"column":0},"end":{"line":18,"column":3}},"9":{"start":{"line":17,"column":2},"end":{"line":17,"column":17}},"10":{"start":{"line":20,"column":0},"end":{"line":23,"column":3}},"11":{"start":{"line":21,"column":15},"end":{"line":21,"column":23}},"12":{"start":{"line":22,"column":2},"end":{"line":22,"column":29}},"13":{"start":{"line":25,"column":0},"end":{"line":31,"column":3}},"14":{"start":{"line":26,"column":2},"end":{"line":30,"column":36}},"15":{"start":{"line":29,"column":19},"end":{"line":29,"column":29}},"16":{"start":{"line":30,"column":20},"end":{"line":30,"column":34}},"17":{"start":{"line":33,"column":0},"end":{"line":33,"column":33}},"18":{"start":{"line":35,"column":0},"end":{"line":35,"column":21}}},"fnMap":{"0":{"name":"(anonymous_0)","decl":{"start":{"line":16,"column":13},"end":{"line":16,"column":14}},"loc":{"start":{"line":16,"column":27},"end":{"line":18,"column":1}},"line":16},"1":{"name":"(anonymous_1)","decl":{"start":{"line":20,"column":20},"end":{"line":20,"column":21}},"loc":{"start":{"line":20,"column":34},"end":{"line":23,"column":1}},"line":20},"2":{"name":"(anonymous_2)","decl":{"start":{"line":25,"column":19},"end":{"line":25,"column":20}},"loc":{"start":{"line":25,"column":33},"end":{"line":31,"column":1}},"line":25},"3":{"name":"(anonymous_3)","decl":{"start":{"line":29,"column":10},"end":{"line":29,"column":11}},"loc":{"start":{"line":29,"column":19},"end":{"line":29,"column":29}},"line":29},"4":{"name":"(anonymous_4)","decl":{"start":{"line":30,"column":10},"end":{"line":30,"column":11}},"loc":{"start":{"line":30,"column":20},"end":{"line":30,"column":34}},"line":30}},"branchMap":{},"s":{"0":1,"1":1,"2":1,"3":1,"4":1,"5":1,"6":1,"7":1,"8":1,"9":1,"10":1,"11":0,"12":0,"13":1,"14":1,"15":1,"16":1,"17":1,"18":1},"f":{"0":1,"1":0,"2":1,"3":1,"4":1},"b":{},"_coverageSchema":"1a1c01bbd47fc00a2c39e90264f33305004495a9","hash":"1ee482d466e042903e492652c97a9ff537df105d"}
,"C:\\Users\\DaianaDobre\\OneDrive - La Fosse Associates\\Documents\\GitHub\\LAP1_CodeChallenge\\server\\controller\\google.js": {"path":"C:\\Users\\DaianaDobre\\OneDrive - La Fosse Associates\\Documents\\GitHub\\LAP1_CodeChallenge\\server\\controller\\google.js","statementMap":{"0":{"start":{"line":1,"column":16},"end":{"line":1,"column":34}},"1":{"start":{"line":3,"column":15},"end":{"line":3,"column":24}},"2":{"start":{"line":5,"column":13},"end":{"line":5,"column":36}},"3":{"start":{"line":7,"column":0},"end":{"line":9,"column":3}},"4":{"start":{"line":8,"column":2},"end":{"line":8,"column":17}},"5":{"start":{"line":11,"column":0},"end":{"line":11,"column":24}}},"fnMap":{"0":{"name":"(anonymous_0)","decl":{"start":{"line":7,"column":16},"end":{"line":7,"column":17}},"loc":{"start":{"line":7,"column":30},"end":{"line":9,"column":1}},"line":7}},"branchMap":{},"s":{"0":1,"1":1,"2":1,"3":1,"4":1,"5":1},"f":{"0":1},"b":{},"_coverageSchema":"1a1c01bbd47fc00a2c39e90264f33305004495a9","hash":"1dcc60469e3cf8d23c429b0c4f7418a80de3ba7f"}
,"C:\\Users\\DaianaDobre\\OneDrive - La Fosse Associates\\Documents\\GitHub\\LAP1_CodeChallenge\\server\\data\\data.js": {"path":"C:\\Users\\DaianaDobre\\OneDrive - La Fosse Associates\\Documents\\GitHub\\LAP1_CodeChallenge\\server\\data\\data.js","statementMap":{"0":{"start":{"line":1,"column":0},"end":{"line":82,"column":2}},"1":{"start":{"line":84,"column":0},"end":{"line":84,"column":29}}},"fnMap":{},"branchMap":{},"s":{"0":1,"1":1},"f":{},"b":{},"_coverageSchema":"1a1c01bbd47fc00a2c39e90264f33305004495a9","hash":"e93caf2bc2220da8c9522a7b46a239184a0d6675"}
}
